665010 dr. Rácz ne Rácz
100
200
665176 Dr Solti       Gábori ne Solti       Gábori
300
665336 dr. Majlinger ne Majlinger
400
665440 dr. Szabó Némedi ne Szabó Némedi
500
600
665753 Dr Reszegi ne Reszegi
665785 Dr.Földi ne Földi
700
800
665969 Dr. Domonkos ne Domonkos
900
1000
1100
1200
666498 Dr. Demkó ne Demkó
666522 Dr. Pécsi-Huszár ne Pécsi-Huszár
1300
666622 Dr.Scher ne Scher
666626 dr. Nyíregyházi-Lengyel ne Nyíregyházi-Lengyel
666639 DR. Katona ne Katona
1400
666740 Dr.Nagy  ne Nagy 
1500
1600
666890 dr. Kriston ne Kriston
666979 dr. Rónai  ne Rónai 
1700
667023 Dr. Varga ne Varga
1800
667227 dr. Nagy ne Nagy
667228 Dr. Mihucz  ne Mihucz 
1900
667319 dr. Ónodiné Nyisztor ne Ónodiné Nyisztor
667361 ifj. Németh ne Németh
2000
2100
667592 ifj. Hegedûs ne Hegedûs
2200
2300
2400
667894 dr Sztrikinácz ne Sztrikinácz
667959 Dr. Bíró ne Bíró
2500
668115 Ifj. Bellény ne Bellény
2600
2700
668300 Dr Értekes ne Értekes
668315 dr nagy ne nagy
2800
2900
668554 dr. Kelemenné Bene  ne Kelemenné Bene 
3000
3100
3200
3300
3400
669149 Dr. Ondi ne Ondi
669183 Dr. Varga ne Varga
669186 Dr. Szabolcsi  ne Szabolcsi 
3500
3600
3700
3800
3900
669794 Dr Moncz ne Moncz
4000
4100
4200
4300
4400
670398 ifj. Pláyer ne Pláyer
4500
670508 dr. Kiss ne Kiss
4600
4700
670716 dr.utry ne utry
670717 dr. Mészárosné Sász ne Mészárosné Sász
4800
4900
5000
5100
5200
5300
5400
5500
671714 Dr. Márkus ne Márkus
5600
5700
671993 Dr.Morava ne Morava
5800
5900
6000
672291 Dr. Fejes  ne Fejes 
672391 Dr. Korda  ne Korda 
6100
672442 dr. Varga  ne Varga 
6200
6300
672853 ifj. Kovács ne Kovács
6400
6500
6600
6700
6800
673947 ifj.Tóth ne Tóth
6900
7000
674905 Dr. Kissné Szamosközi ne Kissné Szamosközi
7100
7200
7300
675586 Dr.Máté ne Máté
675684 Dr. Papp ne Papp
675749 Dr Szekeres ne Szekeres
7400
7500
676403 dr Hermann-né Kiss ne Hermann-né Kiss
7600
7700
7800
7900
8000
677785 Dr Gál ne Gál
677828 dr. Vig  ne Vig 
8100
8200
8300
678834 dr. Bali ne Bali
8400
8500
8600
8700
8800
8900
680303 Dr. Feledi ne Feledi
9000
680783 dr. Nagy  ne Nagy 
9100
9200
9300
681418 Dr.Farkas ne Farkas
9400
9500
9600
9700
682302 ifj. Vizi ne Vizi
682417 dr. Szederkényi ne Szederkényi
9800
9900
682792 Dr. Fenyvesi ne Fenyvesi
10000
10100
683447 Dr. Kiss ne Kiss
683515 Dr.Nagy  ne Nagy 
10200
683726 dr. Richter ne Richter
683771 dr. Kapuné Törõcsik ne Kapuné Törõcsik
10300
10400
10500
684497 Dr. Vasas  ne Vasas 
10600
684713 dr Bukta ne Bukta
684804 Dr. Greges  ne Greges 
684805 Dr Lácz ne Lácz
10700
684984 dr. Pencz-Nikolics ne Pencz-Nikolics
10800
10900
11000
11100
686889 Dr.Csépes ne Csépes
686895 Dr. Horkay ne Horkay
686898 dr. Juhász ne Juhász
686928 dr.hegedûs ne hegedûs
11200
11300
11400
11500
689542 Dr.Engelné Monoczki  ne Engelné Monoczki 
11600
11700
11800
691285 Dr. Szõllõsi  ne Szõllõsi 
11900
12000
692492 dr. pribenszky ne pribenszky
692563 Dr. Borbély ne Borbély
692593 Dr. Sárdi ne Sárdi
12100
12200
12300
12400
12500
12600
693854 Dr. Székely ne Székely
12700
694119 dr. Vadai ne Vadai
12800
694184 dr. Duka  ne Duka 
694265 dr.Merczel ne Merczel
12900
13000
13100
13200
694726 Dr. Aranyos ne Aranyos
13300
13400
13500
13600
13700
695308 dr.Varga  ne Varga 
695366 Dr. Balogh ne Balogh
13800
695390 Dr. Hernádi ne Hernádi
695401 Dr. Vaskóné Vágó ne Vaskóné Vágó
13900
695584 Dr.Szilos  ne Szilos 
14000
695680 dr. Varga ne Varga
14100
14200
14300
14400
14500
14600
696465 dr. Szilos ne Szilos
14700
14800
14900
15000
15100
15200
15300
697433 Dr. ne 
697434 Dr. ne 
697435 Dr. ne 
697436 dr. ne 
697438 Dr. Pásztorné ne Pásztorné
697439 dr. ne 
697440 Dr. ne 
697442 dr. ne 
697443 Dr. ne 
697444 Dr.Béres-Szendrõi ne Béres-Szendrõi
697445 Dr.Csapó ne Csapó
697446 Dr.Fülep ne Fülep
697447 Dr.Németh ne Németh
697448 dr.Papp ne Papp
15400
15500
15600
15700
15800
698142 id. ne 
698146 Ifj. ne 
698147 ifj. ne 
698148 ifj. ne 
15900
16000
16100
16200
16300
16400
16500
16600
16700
16800
16900
17000
17100
17200
17300
17400
17500
17600
17700
17800
17900
18000
18100
18200
701603 Dr. Forgács ne Forgács
18300
18400
701893 dr. Breuer ne Breuer
18500
18600
702197 Dr.Szabó ne Szabó
18700
18800
702402 dr. Bán ne Bán
702414 Dr Hivert ne Hivert
18900
702541 dr. Solymosi ne Solymosi
19000
19100
19200
19300
703088 dr. Horváth ne Horváth
19400
703114 Dr. Kertész ne Kertész
19500
703270 Dr. Kocsis ne Kocsis
19600
703400 Dr Török ne Török
19700
19800
703658 ifj. Szász ne Szász
19900
703754 dr.Tóth ne Tóth
20000
20100
704099 Dr. Szabó ne Szabó
20200
20300
704291 Dr. Nagy ne Nagy
704292 dr. Talabér ne Talabér
20400
704410 dr Jónás ne Jónás
20500
704565 Dr Pálos ne Pálos
704581 Dr. Trombitásné dr. Domján  ne Trombitásné dr. Domján 
20600
704643 dr. Makkainé Fehér ne Makkainé Fehér
20700
20800
20900
21000
21100
21200
705260 dr. Pipicz  ne Pipicz 
705313 Dr.Resch ne Resch
705338 Dr. Kovács ne Kovács
21300
705419 dr Balázs  ne Balázs 
21400
21500
21600
21700
705882 Dr. Liszák ne Liszák
705884 Dr. Csapó  ne Csapó 
21800
21900
706038 Dr. Deákné Berkó ne Deákné Berkó
22000
706173 Dr.Juhász ne Juhász
22100
706281 Dr. Horváth ne Horváth
706286 Dr Vargáné Kory ne Vargáné Kory
22200
22300
22400
706559 Dr Ecseki ne Ecseki
706573 Dr. Németh ne Németh
22500
22600
22700
22800
707028 dr. Czeglédi ne Czeglédi
707069 Dr. Lisák  ne Lisák 
22900
707137 Dr. Hugyákné Nagy ne Hugyákné Nagy
707163 dr.Farkas ne Farkas
707184 dr. Barrelné Mosonyi ne Barrelné Mosonyi
23000
707272 Dr. Ferenczi  ne Ferenczi 
23100
707359 Dr. Zsargó ne Zsargó
23200
707491 Dr Horváth ne Horváth
23300
707509 Dr. Aracsi ne Aracsi
23400
707709 dr. Katona ne Katona
23500
707768 Dr. Kovács ne Kovács
707815 Dr. Tárnoki ne Tárnoki
23600
23700
707921 dr. Szendrõi ne Szendrõi
707924 dr. Tasiné Ferencz ne Tasiné Ferencz
707929 ifj. Mehlhoffer ne Mehlhoffer
707969 Dr. Józsa ne Józsa
708000 dr Treszkai ne Treszkai
708012 dr. Ónodi  ne Ónodi 
23800
23900
708172 Dr.Tölgyesiné Türkösi  ne Tölgyesiné Türkösi 
24000
24100
24200
708482 Dr. Molnár-Szótér ne Molnár-Szótér
708523 dr jávorszky  ne jávorszky 
708527 Dr Szelecsényi ne Szelecsényi
708543 Dr. Storkné Tóth ne Storkné Tóth
24300
708570 Dr. Cserháti ne Cserháti
24400
708695 dr.Kujbus ne Kujbus
708712 dr. Nyilas ne Nyilas
708719 dr.Szabadosné Rák  ne Szabadosné Rák 
708736 Dr. Barta ne Barta
24500
24600
24700
709021 Dr.Nagyné Kiss ne Nagyné Kiss
24800
709079 Dr. Osváth ne Osváth
24900
709236 Dr. Vasas ne Vasas
25000
709319 dr.Karizs ne Karizs
709325 Dr. Hegedûsné Sziklai ne Hegedûsné Sziklai
709350 Dr. Nyáguly ne Nyáguly
25100
709436 dr. Vida  ne Vida 
25200
25300
25400
709699 Dr. Kása  ne Kása 
25500
709801 Dr. Olajos  ne Olajos 
709817 dr. Simon ne Simon
709878 Dr. Sztraczinszki ne Sztraczinszki
25600
25700
25800
710119 ifj. Török ne Török
25900
710251 ifj. Bákonyi ne Bákonyi
26000
710392 Dr. Török ne Török
26100
710456 Dr.Mudri ne Mudri
26200
710578 DR KÁNTOR ne KÁNTOR
26300
26400
710804 Dr.Sándor Andrásné ne Sándor Andrásné
26500
26600
711022 dr. Papp ne Papp
26700
26800
26900
711328 Dr. Powell ne Powell
27000
27100
711487 Dr. Lenkey ne Lenkey
27200
711555 dr Németh ne Németh
27300
711724 dr. Janzsó ne Janzsó
27400
27500
711859 Ifj. Mischinger ne Mischinger
27600
711991 Dr Chrametz ne Chrametz
27700
27800
27900
712338 dr. Kun ne Kun
28000
28100
28200
712586 dr.Verók ne Verók
28300
712690 dr. Fridrikné Szilágyi  ne Fridrikné Szilágyi 
712761 Dr. Kerek ne Kerek
28400
28500
28600
28700
28800
713221 Dr. Endrényi ne Endrényi
28900
29000
29100
713523 Dr.Szabóné Szajkó ne Szabóné Szajkó
29200
713708 Dr. Kun ne Kun
29300
713740 Dr Tarnóczi ne Tarnóczi
29400
713850 dr. Petra-Besenyei ne Petra-Besenyei
713916 Dr. Ferenczi ne Ferenczi
29500
713963 ifj. Póta ne Póta
29600
29700
29800
29900
30000
714525 Dr. Józsáné Simák ne Józsáné Simák
30100
714615 dr. Pintérné Szabó ne Pintérné Szabó
30200
30300
714866 Dr. Mikó ne Mikó
30400
30500
30600
715147 ifj. Csóka ne Csóka
30700
30800
715393 Dr.Lengyel  ne Lengyel 
30900
31000
715502 Dr. Szabó Szilárdné ne Szabó Szilárdné
715587 Dr.Husi  ne Husi 
31100
715613 Dr. Harsányi ne Harsányi
715669 ifj.Bernula ne Bernula
31200
31300
31400
715918 Dr. Bánhegyi ne Bánhegyi
715945 Dr.Turcsányiné Kiss ne Turcsányiné Kiss
715979 Dr. Szakállas ne Szakállas
31500
716077 Dr. Pásztor ne Pásztor
31600
31700
31800
716341 Dr.Kadia ne Kadia
31900
716409 dr. Mikle  ne Mikle 
32000
32100
32200
32300
32400
716948 dr. Árvai-Szepesi ne Árvai-Szepesi
716980 Ifj. Szüle ne Szüle
32500
32600
32700
32800
32900
33000
717587 Dr. Benéné Makovics ne Benéné Makovics
33100
33200
717800 ifj.horváth ne horváth
717848 Dr Piros ne Piros
33300
